<?xml version="1.0" encoding="UTF-8"?>
<testng-results skipped="0" failed="0" total="1" passed="1">
  <reporter-output>
  </reporter-output>
  <suite name="Suite" duration-ms="10171" started-at="2017-02-13T13:49:39Z" finished-at="2017-02-13T13:49:50Z">
    <groups>
    </groups>
    <test name="Test" duration-ms="10171" started-at="2017-02-13T13:49:39Z" finished-at="2017-02-13T13:49:50Z">
      <class name="automation.NewTest1">
        <test-method status="PASS" signature="openbrowser()[pri:0, instance:automation.NewTest1@1190526]" name="openbrowser" is-config="true" duration-ms="10070" started-at="2017-02-13T19:19:39Z" finished-at="2017-02-13T19:19:50Z">
          <reporter-output>
          </reporter-output>
        </test-method> <!-- openbrowser -->
        <test-method status="PASS" signature="testjenkins()[pri:0, instance:automation.NewTest1@1190526]" name="testjenkins" duration-ms="1" started-at="2017-02-13T19:19:50Z" finished-at="2017-02-13T19:19:50Z">
          <reporter-output>
          </reporter-output>
        </test-method> <!-- testjenkins -->
      </class> <!-- automation.NewTest1 -->
    </test> <!-- Test -->
  </suite> <!-- Suite -->
</testng-results>
